# JRE version: Java(TM) SE Runtime Environment (24.0.1+9) (build 24.0.1+9-30)
# Java VM: Java HotSpot(TM) 64-Bit Server VM (24.0.1+9-30, mixed mode, emulated-client, sharing, tiered, compressed oops, compressed class ptrs, g1 gc, windows-amd64)
GC Precious Log:
 CardTable entry size: 512
 Card Set container configuration: InlinePtr #cards 4 size 8 Array Of Cards #cards 16 size 48 Howl #buckets 8 coarsen threshold 3686 Howl Bitmap #cards 512 size 80 coarsen threshold 460 Card regions per heap region 1 cards per card region 4096
 CPUs: 8 total, 8 available
 Memory: 16312M
 Large Page Support: Disabled
 NUMA Support: Disabled
 Compressed Oops: Enabled (Zero based)
 Heap Region Size: 2M
 Heap Min Capacity: 8M
 Heap Initial Capacity: 256M
 Heap Max Capacity: 4080M
 Pre-touch: Disabled
 Parallel Workers: 8
 Concurrent Workers: 2
 Concurrent Refinement Workers: 8
 Periodic GC: Disabled
Heap:
 garbage-first heap   total reserved 4177920K, committed 98304K, used 76752K [0x0000000701000000, 0x0000000800000000)
  region size 2048K, 2 young (4096K), 2 survivors (4096K)
 Metaspace       used 76782K, committed 77312K, reserved 1179648K
  class space    used 9444K, committed 9664K, reserved 1048576K
GC Heap History (20 events):
Event: 15.661 GC heap after
{Heap after GC invocations=11 (full 0):
 garbage-first heap   total reserved 4177920K, committed 94208K, used 39694K [0x0000000701000000, 0x0000000800000000)
  region size 2048K, 2 young (4096K), 2 survivors (4096K)
 Metaspace       used 60327K, committed 60800K, reserved 1114112K
  class space    used 6816K, committed 7040K, reserved 1048576K
}
Event: 16.746 GC heap before
{Heap before GC invocations=12 (full 0):
 garbage-first heap   total reserved 4177920K, committed 94208K, used 80654K [0x0000000701000000, 0x0000000800000000)
  region size 2048K, 22 young (45056K), 2 survivors (4096K)
 Metaspace       used 64624K, committed 65152K, reserved 1114112K
  class space    used 7460K, committed 7680K, reserved 1048576K
}
Event: 16.752 GC heap after
{Heap after GC invocations=13 (full 0):
 garbage-first heap   total reserved 4177920K, committed 94208K, used 40792K [0x0000000701000000, 0x0000000800000000)
  region size 2048K, 3 young (6144K), 3 survivors (6144K)
 Metaspace       used 64624K, committed 65152K, reserved 1114112K
  class space    used 7460K, committed 7680K, reserved 1048576K
}
Event: 23.857 GC heap before
{Heap before GC invocations=13 (full 0):
 garbage-first heap   total reserved 4177920K, committed 94208K, used 79704K [0x0000000701000000, 0x0000000800000000)
  region size 2048K, 22 young (45056K), 3 survivors (6144K)
 Metaspace       used 70006K, committed 70592K, reserved 1114112K
  class space    used 8008K, committed 8256K, reserved 1048576K
}
Event: 23.866 GC heap after
{Heap after GC invocations=14 (full 0):
 garbage-first heap   total reserved 4177920K, committed 94208K, used 43896K [0x0000000701000000, 0x0000000800000000)
  region size 2048K, 3 young (6144K), 3 survivors (6144K)
 Metaspace       used 70006K, committed 70592K, reserved 1114112K
  class space    used 8008K, committed 8256K, reserved 1048576K
}
Event: 24.812 GC heap before
{Heap before GC invocations=14 (full 0):
 garbage-first heap   total reserved 4177920K, committed 94208K, used 80760K [0x0000000701000000, 0x0000000800000000)
  region size 2048K, 21 young (43008K), 3 survivors (6144K)
 Metaspace       used 72185K, committed 72768K, reserved 1114112K
  class space    used 8473K, committed 8704K, reserved 1048576K
}
Event: 24.819 GC heap after
{Heap after GC invocations=15 (full 0):
 garbage-first heap   total reserved 4177920K, committed 94208K, used 46154K [0x0000000701000000, 0x0000000800000000)
  region size 2048K, 3 young (6144K), 3 survivors (6144K)
 Metaspace       used 72185K, committed 72768K, reserved 1114112K
  class space    used 8473K, committed 8704K, reserved 1048576K
}
Event: 25.573 GC heap before
{Heap before GC invocations=15 (full 0):
 garbage-first heap   total reserved 4177920K, committed 94208K, used 78922K [0x0000000701000000, 0x0000000800000000)
  region size 2048K, 20 young (40960K), 3 survivors (6144K)
 Metaspace       used 76506K, committed 77056K, reserved 1179648K
  class space    used 9291K, committed 9536K, reserved 1048576K
}
Event: 25.581 GC heap after
{Heap after GC invocations=16 (full 0):
 garbage-first heap   total reserved 4177920K, committed 94208K, used 49392K [0x0000000701000000, 0x0000000800000000)
  region size 2048K, 3 young (6144K), 3 survivors (6144K)
 Metaspace       used 76506K, committed 77056K, reserved 1179648K
  class space    used 9291K, committed 9536K, reserved 1048576K
}
Event: 25.759 GC heap before
{Heap before GC invocations=17 (full 0):
 garbage-first heap   total reserved 4177920K, committed 94208K, used 80112K [0x0000000701000000, 0x0000000800000000)
  region size 2048K, 18 young (36864K), 3 survivors (6144K)
 Metaspace       used 76506K, committed 77056K, reserved 1179648K
  class space    used 9291K, committed 9536K, reserved 1048576K
}
Event: 25.763 GC heap after
{Heap after GC invocations=18 (full 0):
 garbage-first heap   total reserved 4177920K, committed 94208K, used 50689K [0x0000000701000000, 0x0000000800000000)
  region size 2048K, 2 young (4096K), 2 survivors (4096K)
 Metaspace       used 76506K, committed 77056K, reserved 1179648K
  class space    used 9291K, committed 9536K, reserved 1048576K
}
Event: 25.928 GC heap before
{Heap before GC invocations=18 (full 0):
 garbage-first heap   total reserved 4177920K, committed 94208K, used 81409K [0x0000000701000000, 0x0000000800000000)
  region size 2048K, 17 young (34816K), 2 survivors (4096K)
 Metaspace       used 76536K, committed 77120K, reserved 1179648K
  class space    used 9303K, committed 9536K, reserved 1048576K
}
Event: 25.932 GC heap after
{Heap after GC invocations=19 (full 0):
 garbage-first heap   total reserved 4177920K, committed 94208K, used 48657K [0x0000000701000000, 0x0000000800000000)
  region size 2048K, 1 young (2048K), 1 survivors (2048K)
 Metaspace       used 76536K, committed 77120K, reserved 1179648K
  class space    used 9303K, committed 9536K, reserved 1048576K
}
Event: 26.163 GC heap before
{Heap before GC invocations=19 (full 0):
 garbage-first heap   total reserved 4177920K, committed 94208K, used 83473K [0x0000000701000000, 0x0000000800000000)
  region size 2048K, 18 young (36864K), 1 survivors (2048K)
 Metaspace       used 76782K, committed 77312K, reserved 1179648K
  class space    used 9444K, committed 9664K, reserved 1048576K
}
Event: 26.170 GC heap after
{Heap after GC invocations=20 (full 0):
 garbage-first heap   total reserved 4177920K, committed 94208K, used 56722K [0x0000000701000000, 0x0000000800000000)
  region size 2048K, 3 young (6144K), 3 survivors (6144K)
 Metaspace       used 76782K, committed 77312K, reserved 1179648K
  class space    used 9444K, committed 9664K, reserved 1048576K
}
Event: 26.284 GC heap before
{Heap before GC invocations=21 (full 0):
 garbage-first heap   total reserved 4177920K, committed 96256K, used 79250K [0x0000000701000000, 0x0000000800000000)
  region size 2048K, 15 young (30720K), 3 survivors (6144K)
 Metaspace       used 76782K, committed 77312K, reserved 1179648K
  class space    used 9444K, committed 9664K, reserved 1048576K
}
Event: 26.294 GC heap after
{Heap after GC invocations=22 (full 0):
 garbage-first heap   total reserved 4177920K, committed 98304K, used 65877K [0x0000000701000000, 0x0000000800000000)
  region size 2048K, 2 young (4096K), 2 survivors (4096K)
 Metaspace       used 76782K, committed 77312K, reserved 1179648K
  class space    used 9444K, committed 9664K, reserved 1048576K
}
Event: 26.388 GC heap before
{Heap before GC invocations=22 (full 0):
 garbage-first heap   total reserved 4177920K, committed 98304K, used 84309K [0x0000000701000000, 0x0000000800000000)
  region size 2048K, 11 young (22528K), 2 survivors (4096K)
 Metaspace       used 76782K, committed 77312K, reserved 1179648K
  class space    used 9444K, committed 9664K, reserved 1048576K
}
Event: 26.397 GC heap after
{Heap after GC invocations=23 (full 0):
 garbage-first heap   total reserved 4177920K, committed 98304K, used 71727K [0x0000000701000000, 0x0000000800000000)
  region size 2048K, 2 young (4096K), 2 survivors (4096K)
 Metaspace       used 76782K, committed 77312K, reserved 1179648K
  class space    used 9444K, committed 9664K, reserved 1048576K
}
Event: 26.452 GC heap before
{Heap before GC invocations=23 (full 0):
 garbage-first heap   total reserved 4177920K, committed 98304K, used 86063K [0x0000000701000000, 0x0000000800000000)
  region size 2048K, 9 young (18432K), 2 survivors (4096K)
 Metaspace       used 76782K, committed 77312K, reserved 1179648K
  class space    used 9444K, committed 9664K, reserved 1048576K
}

