# JRE version: Java(TM) SE Runtime Environment (24.0.1+9) (build 24.0.1+9-30)
# Java VM: Java HotSpot(TM) 64-Bit Server VM (24.0.1+9-30, mixed mode, sharing, tiered, compressed oops, compressed class ptrs, g1 gc, windows-amd64)
GC Precious Log:
 CardTable entry size: 512
 Card Set container configuration: InlinePtr #cards 4 size 8 Array Of Cards #cards 16 size 48 Howl #buckets 8 coarsen threshold 3686 Howl Bitmap #cards 512 size 80 coarsen threshold 460 Card regions per heap region 1 cards per card region 4096
 CPUs: 8 total, 8 available
 Memory: 16312M
 Large Page Support: Disabled
 NUMA Support: Disabled
 Compressed Oops: Enabled (Zero based)
 Heap Region Size: 2M
 Heap Min Capacity: 8M
 Heap Initial Capacity: 256M
 Heap Max Capacity: 4080M
 Pre-touch: Disabled
 Parallel Workers: 8
 Concurrent Workers: 2
 Concurrent Refinement Workers: 8
 Periodic GC: Disabled
Heap:
 garbage-first heap   total reserved 4177920K, committed 69632K, used 48070K [0x0000000701000000, 0x0000000800000000)
  region size 2048K, 8 young (16384K), 1 survivors (2048K)
 Metaspace       used 45270K, committed 45760K, reserved 1114112K
  class space    used 4547K, committed 4800K, reserved 1048576K
GC Heap History (20 events):
Event: 3.598 GC heap before
{Heap before GC invocations=3 (full 0):
 garbage-first heap   total reserved 4177920K, committed 69632K, used 48736K [0x0000000701000000, 0x0000000800000000)
  region size 2048K, 20 young (40960K), 5 survivors (10240K)
 Metaspace       used 27625K, committed 28032K, reserved 1114112K
  class space    used 2963K, committed 3136K, reserved 1048576K
}
Event: 3.608 GC heap after
{Heap after GC invocations=4 (full 0):
 garbage-first heap   total reserved 4177920K, committed 69632K, used 23232K [0x0000000701000000, 0x0000000800000000)
  region size 2048K, 3 young (6144K), 3 survivors (6144K)
 Metaspace       used 27625K, committed 28032K, reserved 1114112K
  class space    used 2963K, committed 3136K, reserved 1048576K
}
Event: 4.141 GC heap before
{Heap before GC invocations=4 (full 0):
 garbage-first heap   total reserved 4177920K, committed 69632K, used 47808K [0x0000000701000000, 0x0000000800000000)
  region size 2048K, 15 young (30720K), 3 survivors (6144K)
 Metaspace       used 29773K, committed 30144K, reserved 1114112K
  class space    used 3170K, committed 3328K, reserved 1048576K
}
Event: 4.151 GC heap after
{Heap after GC invocations=5 (full 0):
 garbage-first heap   total reserved 4177920K, committed 69632K, used 28761K [0x0000000701000000, 0x0000000800000000)
  region size 2048K, 2 young (4096K), 2 survivors (4096K)
 Metaspace       used 29773K, committed 30144K, reserved 1114112K
  class space    used 3170K, committed 3328K, reserved 1048576K
}
Event: 4.691 GC heap before
{Heap before GC invocations=5 (full 0):
 garbage-first heap   total reserved 4177920K, committed 69632K, used 51289K [0x0000000701000000, 0x0000000800000000)
  region size 2048K, 13 young (26624K), 2 survivors (4096K)
 Metaspace       used 34130K, committed 34496K, reserved 1114112K
  class space    used 3509K, committed 3648K, reserved 1048576K
}
Event: 4.696 GC heap after
{Heap after GC invocations=6 (full 0):
 garbage-first heap   total reserved 4177920K, committed 69632K, used 31792K [0x0000000701000000, 0x0000000800000000)
  region size 2048K, 2 young (4096K), 2 survivors (4096K)
 Metaspace       used 34130K, committed 34496K, reserved 1114112K
  class space    used 3509K, committed 3648K, reserved 1048576K
}
Event: 4.933 GC heap before
{Heap before GC invocations=6 (full 0):
 garbage-first heap   total reserved 4177920K, committed 69632K, used 37936K [0x0000000701000000, 0x0000000800000000)
  region size 2048K, 7 young (14336K), 2 survivors (4096K)
 Metaspace       used 35777K, committed 36096K, reserved 1114112K
  class space    used 3686K, committed 3840K, reserved 1048576K
}
Event: 4.937 GC heap after
{Heap after GC invocations=7 (full 0):
 garbage-first heap   total reserved 4177920K, committed 69632K, used 31734K [0x0000000701000000, 0x0000000800000000)
  region size 2048K, 2 young (4096K), 2 survivors (4096K)
 Metaspace       used 35777K, committed 36096K, reserved 1114112K
  class space    used 3686K, committed 3840K, reserved 1048576K
}
Event: 8.657 GC heap before
{Heap before GC invocations=8 (full 0):
 garbage-first heap   total reserved 4177920K, committed 69632K, used 54262K [0x0000000701000000, 0x0000000800000000)
  region size 2048K, 13 young (26624K), 2 survivors (4096K)
 Metaspace       used 40275K, committed 40640K, reserved 1114112K
  class space    used 4162K, committed 4352K, reserved 1048576K
}
Event: 8.665 GC heap after
{Heap after GC invocations=9 (full 0):
 garbage-first heap   total reserved 4177920K, committed 69632K, used 33858K [0x0000000701000000, 0x0000000800000000)
  region size 2048K, 2 young (4096K), 2 survivors (4096K)
 Metaspace       used 40275K, committed 40640K, reserved 1114112K
  class space    used 4162K, committed 4352K, reserved 1048576K
}
Event: 16.187 GC heap before
{Heap before GC invocations=9 (full 0):
 garbage-first heap   total reserved 4177920K, committed 69632K, used 54338K [0x0000000701000000, 0x0000000800000000)
  region size 2048K, 12 young (24576K), 2 survivors (4096K)
 Metaspace       used 43719K, committed 44032K, reserved 1114112K
  class space    used 4455K, committed 4608K, reserved 1048576K
}
Event: 16.196 GC heap after
{Heap after GC invocations=10 (full 0):
 garbage-first heap   total reserved 4177920K, committed 69632K, used 36428K [0x0000000701000000, 0x0000000800000000)
  region size 2048K, 2 young (4096K), 2 survivors (4096K)
 Metaspace       used 43719K, committed 44032K, reserved 1114112K
  class space    used 4455K, committed 4608K, reserved 1048576K
}
Event: 29.178 GC heap before
{Heap before GC invocations=10 (full 0):
 garbage-first heap   total reserved 4177920K, committed 69632K, used 56908K [0x0000000701000000, 0x0000000800000000)
  region size 2048K, 12 young (24576K), 2 survivors (4096K)
 Metaspace       used 44418K, committed 44992K, reserved 1114112K
  class space    used 4546K, committed 4800K, reserved 1048576K
}
Event: 29.183 GC heap after
{Heap after GC invocations=11 (full 0):
 garbage-first heap   total reserved 4177920K, committed 69632K, used 36778K [0x0000000701000000, 0x0000000800000000)
  region size 2048K, 1 young (2048K), 1 survivors (2048K)
 Metaspace       used 44418K, committed 44992K, reserved 1114112K
  class space    used 4546K, committed 4800K, reserved 1048576K
}
Event: 48.060 GC heap before
{Heap before GC invocations=12 (full 0):
 garbage-first heap   total reserved 4177920K, committed 69632K, used 59306K [0x0000000701000000, 0x0000000800000000)
  region size 2048K, 12 young (24576K), 1 survivors (2048K)
 Metaspace       used 44720K, committed 45248K, reserved 1114112K
  class space    used 4546K, committed 4800K, reserved 1048576K
}
Event: 48.061 GC heap after
{Heap after GC invocations=13 (full 0):
 garbage-first heap   total reserved 4177920K, committed 69632K, used 36496K [0x0000000701000000, 0x0000000800000000)
  region size 2048K, 1 young (2048K), 1 survivors (2048K)
 Metaspace       used 44720K, committed 45248K, reserved 1114112K
  class space    used 4546K, committed 4800K, reserved 1048576K
}
Event: 66.296 GC heap before
{Heap before GC invocations=13 (full 0):
 garbage-first heap   total reserved 4177920K, committed 69632K, used 59024K [0x0000000701000000, 0x0000000800000000)
  region size 2048K, 12 young (24576K), 1 survivors (2048K)
 Metaspace       used 44853K, committed 45440K, reserved 1114112K
  class space    used 4547K, committed 4800K, reserved 1048576K
}
Event: 66.299 GC heap after
{Heap after GC invocations=14 (full 0):
 garbage-first heap   total reserved 4177920K, committed 69632K, used 35833K [0x0000000701000000, 0x0000000800000000)
  region size 2048K, 1 young (2048K), 1 survivors (2048K)
 Metaspace       used 44853K, committed 45440K, reserved 1114112K
  class space    used 4547K, committed 4800K, reserved 1048576K
}
Event: 84.462 GC heap before
{Heap before GC invocations=14 (full 0):
 garbage-first heap   total reserved 4177920K, committed 69632K, used 58361K [0x0000000701000000, 0x0000000800000000)
  region size 2048K, 12 young (24576K), 1 survivors (2048K)
 Metaspace       used 45070K, committed 45568K, reserved 1114112K
  class space    used 4547K, committed 4800K, reserved 1048576K
}
Event: 84.463 GC heap after
{Heap after GC invocations=15 (full 0):
 garbage-first heap   total reserved 4177920K, committed 69632K, used 35782K [0x0000000701000000, 0x0000000800000000)
  region size 2048K, 1 young (2048K), 1 survivors (2048K)
 Metaspace       used 45070K, committed 45568K, reserved 1114112K
  class space    used 4547K, committed 4800K, reserved 1048576K
}

